#
# A fatal error has been detected by the Java Runtime Environment:
#
#  EXCEPTION_ACCESS_VIOLATION (0xc0000005) at pc=0x00000156b8391066, pid=8016, tid=0x0000000000001a24
#
# JRE version: OpenJDK Runtime Environment (8.0_302-b08) (build 1.8.0_302-b08)
# Java VM: OpenJDK 64-Bit Server VM (25.302-b08 mixed mode windows-amd64 compressed oops)
# Problematic frame:
# C  [OpenAL64.dll+0x11066]
#
# Failed to write core dump. Minidumps are not enabled by default on client versions of Windows
#
# If you would like to submit a bug report, please visit:
#   https://github.com/adoptium/adoptium-support/issues
# The crash happened outside the Java Virtual Machine in native code.
# See problematic frame for where to report the bug.
#

---------------  T H R E A D  ---------------

Current thread (0x000001569d91b800):  JavaThread "main" [_thread_in_native, id=6692, stack(0x00000031f0200000,0x00000031f0300000)]

siginfo: ExceptionCode=0xc0000005, reading address 0x00000156b73eb004

Registers:
RAX=0x0000000000000004, RBX=0x00000156b9b80090, RCX=0x00000156b73eb008, RDX=0x00000156b73eb004
RSP=0x00000031f02fc190, RBP=0x00000000000000ff, RSI=0x00000156b73e630c, RDI=0x0000000000000000
R8 =0x000000000000133e, R9 =0x00000156b73e630c, R10=0x000001569f209622, R11=0x0000000074391570
R12=0x0000000000000001, R13=0x00000156b94fb3a8, R14=0x00000031f02fc330, R15=0x000001569d91b800
RIP=0x00000156b8391066, EFLAGS=0x0000000000010202

Top of Stack: (sp=0x00000031f02fc190)
0x00000031f02fc190:   0000000000000000 0000000000000000
0x00000031f02fc1a0:   0000000000000000 000001569d91b800
0x00000031f02fc1b0:   00000031f02fc330 0000000000000000
0x00000031f02fc1c0:   000001569d91b800 000001569d908da0
0x00000031f02fc1d0:   00000156b94fb3a8 00000156b94fb3a8
0x00000031f02fc1e0:   000001569d8e4510 000000007422a2f5
0x00000031f02fc1f0:   00000031f02fcac0 000001569d8e3e50
0x00000031f02fc200:   000001569d91b800 00000031f02fc330
0x00000031f02fc210:   00000156b94fb3a8 0000000000000000
0x00000031f02fc220:   00000156b73e630c 0000000000000248
0x00000031f02fc230:   00000031f02fc2f8 00000156b839248f
0x00000031f02fc240:   00000156b9b80090 00000156b9b80090
0x00000031f02fc250:   000000000000ac44 0000015600000004
0x00000031f02fc260:   000001569f1f7bd0 000001569f20964e
0x00000031f02fc270:   00000156b94fb3a8 00000031f02fc278
0x00000031f02fc280:   000001569f1f7bd0 000001569f20935b 

Instructions: (pc=0x00000156b8391066)
0x00000156b8391046:   41 2b ec 81 3a 03 00 02 00 75 09 8b 01 89 84 24
0x00000156b8391056:   c8 00 00 00 49 83 c0 02 48 83 c1 08 4a 8d 14 86
0x00000156b8391066:   39 3a 75 af 4c 8d 84 24 c0 00 00 00 48 8d 15 d7
0x00000156b8391076:   2b 03 00 33 c9 e8 58 5f 00 00 b8 40 1f 00 00 4c 


Register to memory mapping:

RAX=0x0000000000000004 is an unknown value
RBX=0x00000156b9b80090 is an unknown value
RCX=0x00000156b73eb008 is an unknown value
RDX=0x00000156b73eb004 is an unknown value
RSP=0x00000031f02fc190 is pointing into the stack for thread: 0x000001569d91b800
RBP=0x00000000000000ff is an unknown value
RSI=0x00000156b73e630c is an unknown value
RDI=0x0000000000000000 is an unknown value
R8 =0x000000000000133e is an unknown value
R9 =0x00000156b73e630c is an unknown value
R10=0x000001569f209622 is at code_begin+962 in an Interpreter codelet
method entry point (kind = native)  [0x000001569f209260, 0x000001569f209d00]  2720 bytes
R11=0x0000000074391570 is an unknown value
R12=0x0000000000000001 is an unknown value
R13={method} {0x00000156b94fb3b0} 'nalcCreateContext' '(JJ)J' in 'org/lwjgl/openal/ALC10'
R14=0x00000031f02fc330 is pointing into the stack for thread: 0x000001569d91b800
R15=0x000001569d91b800 is a thread


Stack: [0x00000031f0200000,0x00000031f0300000],  sp=0x00000031f02fc190,  free space=1008k
Native frames: (J=compiled Java code, j=interpreted, Vv=VM code, C=native code)
C  [OpenAL64.dll+0x11066]
C  [OpenAL64.dll+0x1248f]
C  0x000001569f20964e

Java frames: (J=compiled Java code, j=interpreted, Vv=VM code)
j  org.lwjgl.openal.ALC10.nalcCreateContext(JJ)J+0
j  org.lwjgl.openal.ALC10.alcCreateContext(Lorg/lwjgl/openal/ALCdevice;Ljava/nio/IntBuffer;)Lorg/lwjgl/openal/ALCcontext;+8
j  org.lwjgl.openal.AL.init(Ljava/lang/String;IIZZ)V+69
j  org.lwjgl.openal.AL.create(Ljava/lang/String;IIZZ)V+246
j  org.lwjgl.openal.AL.create(Ljava/lang/String;IIZ)V+5
j  org.lwjgl.openal.AL.create()V+6
j  com.badlogic.gdx.backends.lwjgl.audio.OpenALAudio.<init>(III)V+114
j  com.badlogic.gdx.backends.lwjgl.LwjglApplication.<init>(Lcom/badlogic/gdx/ApplicationListener;Lcom/badlogic/gdx/backends/lwjgl/LwjglApplicationConfiguration;Lcom/badlogic/gdx/backends/lwjgl/LwjglGraphics;)V+120
j  com.badlogic.gdx.backends.lwjgl.LwjglApplication.<init>(Lcom/badlogic/gdx/ApplicationListener;Lcom/badlogic/gdx/backends/lwjgl/LwjglApplicationConfiguration;)V+11
j  org.uqbar.project.wollok.game.gameboard.WollokGDXApplication.<init>(Lorg/uqbar/project/wollok/game/gameboard/Gameboard;Ljava/lang/Boolean;)V+17
j  org.uqbar.project.wollok.game.helpers.Application.start(Lorg/uqbar/project/wollok/game/gameboard/Gameboard;Ljava/lang/Boolean;)V+5
j  org.uqbar.project.wollok.game.gameboard.Gameboard.start(Ljava/lang/Boolean;)V+13
j  wollok.game.GameObject.doStart(Ljava/lang/Boolean;)V+12
v  ~StubRoutines::call_stub
J 3178  sun.reflect.NativeMethodAccessorImpl.invoke0(Ljava/lang/reflect/Method;Ljava/lang/Object;[Ljava/lang/Object;)Ljava/lang/Object; (0 bytes) @ 0x000001569fba34ff [0x000001569fba3480+0x7f]
J 3177 C1 sun.reflect.NativeMethodAccessorImpl.invoke(Ljava/lang/Object;[Ljava/lang/Object;)Ljava/lang/Object; (104 bytes) @ 0x000001569fba3cc4 [0x000001569fba3920+0x3a4]
J 2709 C1 sun.reflect.DelegatingMethodAccessorImpl.invoke(Ljava/lang/Object;[Ljava/lang/Object;)Ljava/lang/Object; (10 bytes) @ 0x000001569fac6544 [0x000001569fac6440+0x104]
J 2708 C1 java.lang.reflect.Method.invoke(Ljava/lang/Object;[Ljava/lang/Object;)Ljava/lang/Object; (62 bytes) @ 0x000001569fac5a6c [0x000001569fac5680+0x3ec]
j  org.uqbar.project.wollok.ui.utils.XTendUtilExtensions.invokeConvertingArgs(Ljava/lang/reflect/Method;Ljava/lang/Object;[Ljava/lang/Object;)Lorg/uqbar/project/wollok/interpreter/core/WollokObject;+261
j  org.uqbar.project.wollok.interpreter.AbstractWollokCallable._invokeNative(Ljava/lang/Object;Ljava/lang/String;[Lorg/uqbar/project/wollok/interpreter/core/WollokObject;)Lorg/uqbar/project/wollok/interpreter/core/WollokObject;+41
j  org.uqbar.project.wollok.interpreter.AbstractWollokCallable.invokeNative(Ljava/lang/Object;Ljava/lang/String;[Lorg/uqbar/project/wollok/interpreter/core/WollokObject;)Lorg/uqbar/project/wollok/interpreter/core/WollokObject;+26
j  org.uqbar.project.wollok.interpreter.AbstractWollokCallable$1.apply()Lorg/uqbar/project/wollok/interpreter/core/WollokObject;+55
j  org.uqbar.project.wollok.interpreter.AbstractWollokCallable$1.apply()Ljava/lang/Object;+1
j  org.uqbar.project.wollok.interpreter.threads.WThread.performOnStack(Lorg/eclipse/emf/ecore/EObject;Lorg/uqbar/project/wollok/interpreter/context/EvaluationContext;Lorg/eclipse/xtext/xbase/lib/Functions$Function0;)Lorg/uqbar/project/wollok/interpreter/core/WollokObject;+29
J 3392 C1 org.uqbar.project.wollok.interpreter.AbstractWollokCallable.call(Lorg/uqbar/project/wollok/wollokDsl/WMethodDeclaration;[Lorg/uqbar/project/wollok/interpreter/core/WollokObject;)Lorg/uqbar/project/wollok/interpreter/core/WollokObject; (46 bytes) @ 0x000001569fc15cd4 [0x000001569fc158c0+0x414]
J 3394 C1 org.uqbar.project.wollok.interpreter.core.WollokObject.call(Ljava/lang/String;[Lorg/uqbar/project/wollok/interpreter/core/WollokObject;)Lorg/uqbar/project/wollok/interpreter/core/WollokObject; (61 bytes) @ 0x000001569fc1536c [0x000001569fc15200+0x16c]
j  org.uqbar.project.wollok.interpreter.WollokInterpreterEvaluator._evaluate(Lorg/uqbar/project/wollok/wollokDsl/WFeatureCall;)Lorg/uqbar/project/wollok/interpreter/core/WollokObject;+119
J 3146 C1 org.uqbar.project.wollok.launch.WollokLauncherInterpreterEvaluator.evaluate(Lorg/eclipse/emf/ecore/EObject;)Lorg/uqbar/project/wollok/interpreter/core/WollokObject; (502 bytes) @ 0x000001569fb93844 [0x000001569fb92800+0x1044]
J 3229 C1 org.uqbar.project.wollok.interpreter.WollokInterpreter.eval(Lorg/eclipse/emf/ecore/EObject;)Lorg/uqbar/project/wollok/interpreter/core/WollokObject; (190 bytes) @ 0x000001569fbb8274 [0x000001569fbb7e80+0x3f4]
J 3234 C1 org.uqbar.project.wollok.interpreter.WollokInterpreterEvaluator.eval(Lorg/eclipse/emf/ecore/EObject;)Lorg/uqbar/project/wollok/interpreter/core/WollokObject; (9 bytes) @ 0x000001569fbbae24 [0x000001569fbbadc0+0x64]
j  org.uqbar.project.wollok.interpreter.WollokInterpreterEvaluator$1.apply(Lorg/uqbar/project/wollok/interpreter/core/WollokObject;Lorg/eclipse/emf/ecore/EObject;)Lorg/uqbar/project/wollok/interpreter/core/WollokObject;+5
j  org.uqbar.project.wollok.interpreter.WollokInterpreterEvaluator$1.apply(Ljava/lang/Object;Ljava/lang/Object;)Ljava/lang/Object;+9
J 3257 C1 org.eclipse.xtext.xbase.lib.IterableExtensions.fold(Ljava/lang/Iterable;Ljava/lang/Object;Lorg/eclipse/xtext/xbase/lib/Functions$Function2;)Ljava/lang/Object; (12 bytes) @ 0x000001569fbc5abc [0x000001569fbc5a20+0x9c]
j  org.uqbar.project.wollok.interpreter.WollokInterpreterEvaluator.evalAll(Ljava/lang/Iterable;)Lorg/uqbar/project/wollok/interpreter/core/WollokObject;+12
j  org.uqbar.project.wollok.interpreter.WollokInterpreterEvaluator._evaluate(Lorg/uqbar/project/wollok/wollokDsl/WBlockExpression;)Lorg/uqbar/project/wollok/interpreter/core/WollokObject;+34
J 3146 C1 org.uqbar.project.wollok.launch.WollokLauncherInterpreterEvaluator.evaluate(Lorg/eclipse/emf/ecore/EObject;)Lorg/uqbar/project/wollok/interpreter/core/WollokObject; (502 bytes) @ 0x000001569fb9434c [0x000001569fb92800+0x1b4c]
J 3229 C1 org.uqbar.project.wollok.interpreter.WollokInterpreter.eval(Lorg/eclipse/emf/ecore/EObject;)Lorg/uqbar/project/wollok/interpreter/core/WollokObject; (190 bytes) @ 0x000001569fbb8274 [0x000001569fbb7e80+0x3f4]
j  org.uqbar.project.wollok.interpreter.AbstractWollokCallable.eval(Lorg/eclipse/emf/ecore/EObject;)Lorg/uqbar/project/wollok/interpreter/core/WollokObject;+5
j  org.uqbar.project.wollok.interpreter.AbstractWollokCallable$1.apply()Lorg/uqbar/project/wollok/interpreter/core/WollokObject;+110
j  org.uqbar.project.wollok.interpreter.AbstractWollokCallable$1.apply()Ljava/lang/Object;+1
j  org.uqbar.project.wollok.interpreter.threads.WThread.performOnStack(Lorg/eclipse/emf/ecore/EObject;Lorg/uqbar/project/wollok/interpreter/context/EvaluationContext;Lorg/eclipse/xtext/xbase/lib/Functions$Function0;)Lorg/uqbar/project/wollok/interpreter/core/WollokObject;+29
J 3392 C1 org.uqbar.project.wollok.interpreter.AbstractWollokCallable.call(Lorg/uqbar/project/wollok/wollokDsl/WMethodDeclaration;[Lorg/uqbar/project/wollok/interpreter/core/WollokObject;)Lorg/uqbar/project/wollok/interpreter/core/WollokObject; (46 bytes) @ 0x000001569fc15cd4 [0x000001569fc158c0+0x414]
J 3394 C1 org.uqbar.project.wollok.interpreter.core.WollokObject.call(Ljava/lang/String;[Lorg/uqbar/project/wollok/interpreter/core/WollokObject;)Lorg/uqbar/project/wollok/interpreter/core/WollokObject; (61 bytes) @ 0x000001569fc1536c [0x000001569fc15200+0x16c]
j  org.uqbar.project.wollok.interpreter.WollokInterpreterEvaluator._evaluate(Lorg/uqbar/project/wollok/wollokDsl/WFeatureCall;)Lorg/uqbar/project/wollok/interpreter/core/WollokObject;+119
J 3146 C1 org.uqbar.project.wollok.launch.WollokLauncherInterpreterEvaluator.evaluate(Lorg/eclipse/emf/ecore/EObject;)Lorg/uqbar/project/wollok/interpreter/core/WollokObject; (502 bytes) @ 0x000001569fb93844 [0x000001569fb92800+0x1044]
J 3229 C1 org.uqbar.project.wollok.interpreter.WollokInterpreter.eval(Lorg/eclipse/emf/ecore/EObject;)Lorg/uqbar/project/wollok/interpreter/core/WollokObject; (190 bytes) @ 0x000001569fbb8274 [0x000001569fbb7e80+0x3f4]
J 3234 C1 org.uqbar.project.wollok.interpreter.WollokInterpreterEvaluator.eval(Lorg/eclipse/emf/ecore/EObject;)Lorg/uqbar/project/wollok/interpreter/core/WollokObject; (9 bytes) @ 0x000001569fbbae24 [0x000001569fbbadc0+0x64]
j  org.uqbar.project.wollok.interpreter.WollokInterpreterEvaluator$1.apply(Lorg/uqbar/project/wollok/interpreter/core/WollokObject;Lorg/eclipse/emf/ecore/EObject;)Lorg/uqbar/project/wollok/interpreter/core/WollokObject;+5
j  org.uqbar.project.wollok.interpreter.WollokInterpreterEvaluator$1.apply(Ljava/lang/Object;Ljava/lang/Object;)Ljava/lang/Object;+9
j  org.eclipse.xtext.xbase.lib.IteratorExtensions.fold(Ljava/util/Iterator;Ljava/lang/Object;Lorg/eclipse/xtext/xbase/lib/Functions$Function2;)Ljava/lang/Object;+19
j  org.eclipse.xtext.xbase.lib.IterableExtensions.fold(Ljava/lang/Iterable;Ljava/lang/Object;Lorg/eclipse/xtext/xbase/lib/Functions$Function2;)Ljava/lang/Object;+8
j  org.uqbar.project.wollok.interpreter.WollokInterpreterEvaluator.evalAll(Ljava/lang/Iterable;)Lorg/uqbar/project/wollok/interpreter/core/WollokObject;+12
j  org.uqbar.project.wollok.interpreter.WollokInterpreterEvaluator._evaluate(Lorg/uqbar/project/wollok/wollokDsl/WProgram;)Lorg/uqbar/project/wollok/interpreter/core/WollokObject;+18
j  org.uqbar.project.wollok.launch.WollokLauncherInterpreterEvaluator.evaluate(Lorg/eclipse/emf/ecore/EObject;)Lorg/uqbar/project/wollok/interpreter/core/WollokObject;+444
j  org.uqbar.project.wollok.interpreter.WollokInterpreterEvaluator.evaluate(Lorg/eclipse/emf/ecore/EObject;)Ljava/lang/Object;+2
j  org.uqbar.project.wollok.interpreter.WollokInterpreter.eval(Lorg/eclipse/emf/ecore/EObject;)Lorg/uqbar/project/wollok/interpreter/core/WollokObject;+63
j  org.uqbar.project.wollok.interpreter.WollokInterpreterEvaluator.eval(Lorg/eclipse/emf/ecore/EObject;)Lorg/uqbar/project/wollok/interpreter/core/WollokObject;+5
j  org.uqbar.project.wollok.launch.WollokLauncherInterpreterEvaluator._evaluate(Lorg/uqbar/project/wollok/wollokDsl/WFile;)Lorg/uqbar/project/wollok/interpreter/core/WollokObject;+32
j  org.uqbar.project.wollok.launch.WollokLauncherInterpreterEvaluator.evaluate(Lorg/eclipse/emf/ecore/EObject;)Lorg/uqbar/project/wollok/interpreter/core/WollokObject;+428
j  org.uqbar.project.wollok.interpreter.WollokInterpreterEvaluator.evaluate(Lorg/eclipse/emf/ecore/EObject;)Ljava/lang/Object;+2
j  org.uqbar.project.wollok.interpreter.WollokInterpreter.interpret(Lorg/eclipse/emf/ecore/EObject;Ljava/lang/Boolean;)Lorg/uqbar/project/wollok/interpreter/core/WollokObject;+25
j  org.uqbar.project.wollok.interpreter.WollokInterpreter.interpret(Lorg/eclipse/emf/ecore/EObject;)Lorg/uqbar/project/wollok/interpreter/core/WollokObject;+8
j  org.uqbar.project.wollok.launch.WollokLauncher.doSomething(Lorg/uqbar/project/wollok/wollokDsl/WFile;Lcom/google/inject/Injector;Ljava/io/File;Lorg/uqbar/project/wollok/launch/WollokLauncherParameters;)V+109
j  org.uqbar.project.wollok.launch.WollokChecker.launch(Ljava/lang/String;Lorg/uqbar/project/wollok/launch/WollokLauncherParameters;)V+31
j  org.uqbar.project.wollok.launch.WollokChecker.doMain([Ljava/lang/String;)V+205
j  org.uqbar.project.wollok.launch.WollokLauncher.main([Ljava/lang/String;)V+8
v  ~StubRoutines::call_stub

---------------  P R O C E S S  ---------------

Java Threads: ( => current thread )
  0x00000156b40a4000 JavaThread "com.google.inject.internal.util.$Finalizer" daemon [_thread_blocked, id=2392, stack(0x00000031f1200000,0x00000031f1300000)]
  0x00000156b40a1800 JavaThread "EMF Reference Cleaner" daemon [_thread_blocked, id=2556, stack(0x00000031f1100000,0x00000031f1200000)]
  0x00000156b40a1000 JavaThread "Service Thread" daemon [_thread_blocked, id=5716, stack(0x00000031f0f00000,0x00000031f1000000)]
  0x00000156b409e000 JavaThread "C1 CompilerThread2" daemon [_thread_blocked, id=7740, stack(0x00000031f0e00000,0x00000031f0f00000)]
  0x00000156b409b000 JavaThread "C2 CompilerThread1" daemon [_thread_blocked, id=3872, stack(0x00000031f0d00000,0x00000031f0e00000)]
  0x00000156b4092800 JavaThread "C2 CompilerThread0" daemon [_thread_blocked, id=11140, stack(0x00000031f0c00000,0x00000031f0d00000)]
  0x00000156b4081800 JavaThread "Attach Listener" daemon [_thread_blocked, id=12284, stack(0x00000031f0b00000,0x00000031f0c00000)]
  0x00000156b4080000 JavaThread "Signal Dispatcher" daemon [_thread_blocked, id=1336, stack(0x00000031f0a00000,0x00000031f0b00000)]
  0x00000156b4055800 JavaThread "Finalizer" daemon [_thread_blocked, id=9952, stack(0x00000031f0900000,0x00000031f0a00000)]
  0x00000156b404e000 JavaThread "Reference Handler" daemon [_thread_blocked, id=6756, stack(0x00000031f0800000,0x00000031f0900000)]
=>0x000001569d91b800 JavaThread "main" [_thread_in_native, id=6692, stack(0x00000031f0200000,0x00000031f0300000)]

Other Threads:
  0x00000156b4024000 VMThread [stack: 0x00000031f0700000,0x00000031f0800000] [id=6792]
  0x00000156b4124000 WatcherThread [stack: 0x00000031f1000000,0x00000031f1100000] [id=11452]

VM state:not at safepoint (normal execution)

VM Mutex/Monitor currently owned by a thread: None

heap address: 0x0000000080e00000, size: 2034 MB, Compressed Oops mode: 32-bit
Narrow klass base: 0x0000000000000000, Narrow klass shift: 3
Compressed class space size: 1073741824 Address: 0x0000000100000000

Heap:
 PSYoungGen      total 71680K, used 2728K [0x00000000d5a00000, 0x00000000df900000, 0x0000000100000000)
  eden space 66560K, 4% used [0x00000000d5a00000,0x00000000d5caa3e0,0x00000000d9b00000)
  from space 5120K, 0% used [0x00000000d9b00000,0x00000000d9b00000,0x00000000da000000)
  to   space 14848K, 0% used [0x00000000dea80000,0x00000000dea80000,0x00000000df900000)
 ParOldGen       total 89088K, used 26622K [0x0000000080e00000, 0x0000000086500000, 0x00000000d5a00000)
  object space 89088K, 29% used [0x0000000080e00000,0x00000000827ffa00,0x0000000086500000)
 Metaspace       used 21295K, capacity 21604K, committed 21760K, reserved 1069056K
  class space    used 2690K, capacity 2786K, committed 2816K, reserved 1048576K

Card table byte_map: [0x00000156ae5b0000,0x00000156ae9b0000] byte_map_base: 0x00000156ae1a9000

Marking Bits: (ParMarkBitMap*) 0x000000007497c820
 Begin Bits: [0x00000156aec60000, 0x00000156b0c28000)
 End Bits:   [0x00000156b0c28000, 0x00000156b2bf0000)

Polling page: 0x000001569da10000

CodeCache: size=245760Kb used=10634Kb max_used=10644Kb free=235125Kb
 bounds [0x000001569f1f0000, 0x000001569fc60000, 0x00000156ae1f0000]
 total_blobs=3896 nmethods=3455 adapters=353
 compilation: enabled

Compilation events (10 events):
Event: 3.172 Thread 0x00000156b409e000 3453       3       java.nio.DirectByteBuffer::put (18 bytes)
Event: 3.172 Thread 0x00000156b409e000 nmethod 3453 0x000001569fc4bdd0 code [0x000001569fc4bf40, 0x000001569fc4c1b8]
Event: 3.172 Thread 0x00000156b409e000 3454       3       java.nio.DirectByteBuffer::ix (10 bytes)
Event: 3.173 Thread 0x00000156b409e000 nmethod 3454 0x000001569fc4ba90 code [0x000001569fc4bbe0, 0x000001569fc4bd38]
Event: 3.173 Thread 0x00000156b409e000 3456       3       java.nio.DirectByteBuffer::put (18 bytes)
Event: 3.173 Thread 0x00000156b409e000 nmethod 3456 0x000001569fc4b590 code [0x000001569fc4b700, 0x000001569fc4b978]
Event: 3.173 Thread 0x00000156b409e000 3457       1       java.nio.DirectByteBuffer::ix (10 bytes)
Event: 3.173 Thread 0x00000156b409e000 nmethod 3457 0x000001569fc4b2d0 code [0x000001569fc4b420, 0x000001569fc4b538]
Event: 3.174 Thread 0x00000156b409b000 3458   !   4       java.util.zip.ZipFile$ZipFileInputStream::close (110 bytes)
Event: 3.179 Thread 0x00000156b409b000 nmethod 3458 0x000001569fc5be10 code [0x000001569fc5bfa0, 0x000001569fc5c848]

GC Heap History (10 events):
Event: 0.898 GC heap before
{Heap before GC invocations=2 (full 0):
 PSYoungGen      total 38400K, used 38368K [0x00000000d5a00000, 0x00000000d8480000, 0x0000000100000000)
  eden space 33280K, 100% used [0x00000000d5a00000,0x00000000d7a80000,0x00000000d7a80000)
  from space 5120K, 99% used [0x00000000d7a80000,0x00000000d7f78018,0x00000000d7f80000)
  to   space 5120K, 0% used [0x00000000d7f80000,0x00000000d7f80000,0x00000000d8480000)
 ParOldGen       total 87552K, used 1794K [0x0000000080e00000, 0x0000000086380000, 0x00000000d5a00000)
  object space 87552K, 2% used [0x0000000080e00000,0x0000000080fc0b90,0x0000000086380000)
 Metaspace       used 8683K, capacity 8744K, committed 8832K, reserved 1056768K
  class space    used 1046K, capacity 1076K, committed 1152K, reserved 1048576K
Event: 0.908 GC heap after
Heap after GC invocations=2 (full 0):
 PSYoungGen      total 38400K, used 5106K [0x00000000d5a00000, 0x00000000da500000, 0x0000000100000000)
  eden space 33280K, 0% used [0x00000000d5a00000,0x00000000d5a00000,0x00000000d7a80000)
  from space 5120K, 99% used [0x00000000d7f80000,0x00000000d847cb90,0x00000000d8480000)
  to   space 5120K, 0% used [0x00000000d7a80000,0x00000000d7a80000,0x00000000d7f80000)
 ParOldGen       total 87552K, used 11488K [0x0000000080e00000, 0x0000000086380000, 0x00000000d5a00000)
  object space 87552K, 13% used [0x0000000080e00000,0x00000000819381a0,0x0000000086380000)
 Metaspace       used 8683K, capacity 8744K, committed 8832K, reserved 1056768K
  class space    used 1046K, capacity 1076K, committed 1152K, reserved 1048576K
}
Event: 1.238 GC heap before
{Heap before GC invocations=3 (full 0):
 PSYoungGen      total 38400K, used 38386K [0x00000000d5a00000, 0x00000000da500000, 0x0000000100000000)
  eden space 33280K, 100% used [0x00000000d5a00000,0x00000000d7a80000,0x00000000d7a80000)
  from space 5120K, 99% used [0x00000000d7f80000,0x00000000d847cb90,0x00000000d8480000)
  to   space 5120K, 0% used [0x00000000d7a80000,0x00000000d7a80000,0x00000000d7f80000)
 ParOldGen       total 87552K, used 11488K [0x0000000080e00000, 0x0000000086380000, 0x00000000d5a00000)
  object space 87552K, 13% used [0x0000000080e00000,0x00000000819381a0,0x0000000086380000)
 Metaspace       used 12100K, capacity 12180K, committed 12416K, reserved 1060864K
  class space    used 1522K, capacity 1558K, committed 1664K, reserved 1048576K
Event: 1.246 GC heap after
Heap after GC invocations=3 (full 0):
 PSYoungGen      total 38400K, used 5108K [0x00000000d5a00000, 0x00000000da500000, 0x0000000100000000)
  eden space 33280K, 0% used [0x00000000d5a00000,0x00000000d5a00000,0x00000000d7a80000)
  from space 5120K, 99% used [0x00000000d7a80000,0x00000000d7f7d1d0,0x00000000d7f80000)
  to   space 5120K, 0% used [0x00000000da000000,0x00000000da000000,0x00000000da500000)
 ParOldGen       total 87552K, used 19031K [0x0000000080e00000, 0x0000000086380000, 0x00000000d5a00000)
  object space 87552K, 21% used [0x0000000080e00000,0x0000000082095fe8,0x0000000086380000)
 Metaspace       used 12100K, capacity 12180K, committed 12416K, reserved 1060864K
  class space    used 1522K, capacity 1558K, committed 1664K, reserved 1048576K
}
Event: 1.705 GC heap before
{Heap before GC invocations=4 (full 0):
 PSYoungGen      total 38400K, used 38388K [0x00000000d5a00000, 0x00000000da500000, 0x0000000100000000)
  eden space 33280K, 100% used [0x00000000d5a00000,0x00000000d7a80000,0x00000000d7a80000)
  from space 5120K, 99% used [0x00000000d7a80000,0x00000000d7f7d1d0,0x00000000d7f80000)
  to   space 5120K, 0% used [0x00000000da000000,0x00000000da000000,0x00000000da500000)
 ParOldGen       total 87552K, used 19031K [0x0000000080e00000, 0x0000000086380000, 0x00000000d5a00000)
  object space 87552K, 21% used [0x0000000080e00000,0x0000000082095fe8,0x0000000086380000)
 Metaspace       used 16317K, capacity 16458K, committed 16512K, reserved 1062912K
  class space    used 2115K, capacity 2143K, committed 2176K, reserved 1048576K
Event: 1.714 GC heap after
Heap after GC invocations=4 (full 0):
 PSYoungGen      total 71680K, used 5088K [0x00000000d5a00000, 0x00000000da500000, 0x0000000100000000)
  eden space 66560K, 0% used [0x00000000d5a00000,0x00000000d5a00000,0x00000000d9b00000)
  from space 5120K, 99% used [0x00000000da000000,0x00000000da4f8030,0x00000000da500000)
  to   space 5120K, 0% used [0x00000000d9b00000,0x00000000d9b00000,0x00000000da000000)
 ParOldGen       total 87552K, used 25545K [0x0000000080e00000, 0x0000000086380000, 0x00000000d5a00000)
  object space 87552K, 29% used [0x0000000080e00000,0x00000000826f2690,0x0000000086380000)
 Metaspace       used 16317K, capacity 16458K, committed 16512K, reserved 1062912K
  class space    used 2115K, capacity 2143K, committed 2176K, reserved 1048576K
}
Event: 2.816 GC heap before
{Heap before GC invocations=5 (full 0):
 PSYoungGen      total 71680K, used 62116K [0x00000000d5a00000, 0x00000000da500000, 0x0000000100000000)
  eden space 66560K, 85% used [0x00000000d5a00000,0x00000000d91b10c8,0x00000000d9b00000)
  from space 5120K, 99% used [0x00000000da000000,0x00000000da4f8030,0x00000000da500000)
  to   space 5120K, 0% used [0x00000000d9b00000,0x00000000d9b00000,0x00000000da000000)
 ParOldGen       total 87552K, used 25545K [0x0000000080e00000, 0x0000000086380000, 0x00000000d5a00000)
  object space 87552K, 29% used [0x0000000080e00000,0x00000000826f2690,0x0000000086380000)
 Metaspace       used 20837K, capacity 21060K, committed 21248K, reserved 1067008K
  class space    used 2627K, capacity 2690K, committed 2816K, reserved 1048576K
Event: 2.831 GC heap after
Heap after GC invocations=5 (full 0):
 PSYoungGen      total 71680K, used 5104K [0x00000000d5a00000, 0x00000000df900000, 0x0000000100000000)
  eden space 66560K, 0% used [0x00000000d5a00000,0x00000000d5a00000,0x00000000d9b00000)
  from space 5120K, 99% used [0x00000000d9b00000,0x00000000d9ffc030,0x00000000da000000)
  to   space 14848K, 0% used [0x00000000dea80000,0x00000000dea80000,0x00000000df900000)
 ParOldGen       total 87552K, used 31256K [0x0000000080e00000, 0x0000000086380000, 0x00000000d5a00000)
  object space 87552K, 35% used [0x0000000080e00000,0x0000000082c86338,0x0000000086380000)
 Metaspace       used 20837K, capacity 21060K, committed 21248K, reserved 1067008K
  class space    used 2627K, capacity 2690K, committed 2816K, reserved 1048576K
}
Event: 2.831 GC heap before
{Heap before GC invocations=6 (full 1):
 PSYoungGen      total 71680K, used 5104K [0x00000000d5a00000, 0x00000000df900000, 0x0000000100000000)
  eden space 66560K, 0% used [0x00000000d5a00000,0x00000000d5a00000,0x00000000d9b00000)
  from space 5120K, 99% used [0x00000000d9b00000,0x00000000d9ffc030,0x00000000da000000)
  to   space 14848K, 0% used [0x00000000dea80000,0x00000000dea80000,0x00000000df900000)
 ParOldGen       total 87552K, used 31256K [0x0000000080e00000, 0x0000000086380000, 0x00000000d5a00000)
  object space 87552K, 35% used [0x0000000080e00000,0x0000000082c86338,0x0000000086380000)
 Metaspace       used 20837K, capacity 21060K, committed 21248K, reserved 1067008K
  class space    used 2627K, capacity 2690K, committed 2816K, reserved 1048576K
Event: 2.899 GC heap after
Heap after GC invocations=6 (full 1):
 PSYoungGen      total 71680K, used 0K [0x00000000d5a00000, 0x00000000df900000, 0x0000000100000000)
  eden space 66560K, 0% used [0x00000000d5a00000,0x00000000d5a00000,0x00000000d9b00000)
  from space 5120K, 0% used [0x00000000d9b00000,0x00000000d9b00000,0x00000000da000000)
  to   space 14848K, 0% used [0x00000000dea80000,0x00000000dea80000,0x00000000df900000)
 ParOldGen       total 89088K, used 26622K [0x0000000080e00000, 0x0000000086500000, 0x00000000d5a00000)
  object space 89088K, 29% used [0x0000000080e00000,0x00000000827ffa00,0x0000000086500000)
 Metaspace       used 20837K, capacity 21060K, committed 21248K, reserved 1067008K
  class space    used 2627K, capacity 2690K, committed 2816K, reserved 1048576K
}

Deoptimization events (10 events):
Event: 2.133 Thread 0x000001569d91b800 Uncommon trap: reason=class_check action=maybe_recompile pc=0x000001569f9cdfbc method=org.eclipse.xtext.nodemodel.impl.NodeModelBuilder.addChild(Lorg/eclipse/xtext/nodemodel/ICompositeNode;Lorg/eclipse/xtext/nodemodel/impl/AbstractNode;)V @ 6
Event: 2.134 Thread 0x000001569d91b800 Uncommon trap: reason=unstable_if action=reinterpret pc=0x000001569f9987dc method=java.util.HashMap.computeIfAbsent(Ljava/lang/Object;Ljava/util/function/Function;)Ljava/lang/Object; @ 44
Event: 2.157 Thread 0x000001569d91b800 Uncommon trap: reason=bimorphic action=maybe_recompile pc=0x000001569f7b9ac4 method=org.eclipse.emf.common.util.AbstractEList$EIterator.next()Ljava/lang/Object; @ 1
Event: 2.157 Thread 0x000001569d91b800 Uncommon trap: reason=unstable_if action=reinterpret pc=0x000001569f9c4134 method=org.antlr.runtime.ANTLRStringStream.mark()I @ 4
Event: 2.162 Thread 0x000001569d91b800 Uncommon trap: reason=unstable_if action=reinterpret pc=0x000001569f8a8cc4 method=org.antlr.runtime.ANTLRStringStream.mark()I @ 4
Event: 2.210 Thread 0x000001569d91b800 Uncommon trap: reason=unstable_if action=reinterpret pc=0x000001569fa4be98 method=sun.nio.cs.UTF_8$Decoder.decodeArrayLoop(Ljava/nio/ByteBuffer;Ljava/nio/CharBuffer;)Ljava/nio/charset/CoderResult; @ 84
Event: 2.333 Thread 0x000001569d91b800 Uncommon trap: reason=unstable_if action=reinterpret pc=0x000001569f748744 method=java.util.concurrent.ConcurrentHashMap.putVal(Ljava/lang/Object;Ljava/lang/Object;Z)Ljava/lang/Object; @ 181
Event: 2.808 Thread 0x000001569d91b800 Uncommon trap: reason=unstable_if action=reinterpret pc=0x000001569f52b7e0 method=java.io.WinNTFileSystem.normalize(Ljava/lang/String;)Ljava/lang/String; @ 49
Event: 3.157 Thread 0x000001569d91b800 Uncommon trap: reason=unstable_if action=reinterpret pc=0x000001569f580d08 method=java.lang.ThreadLocal$ThreadLocalMap.getEntry(Ljava/lang/ThreadLocal;)Ljava/lang/ThreadLocal$ThreadLocalMap$Entry; @ 29
Event: 3.157 Thread 0x000001569d91b800 Uncommon trap: reason=unstable_if action=reinterpret pc=0x000001569f5808dc method=java.lang.ThreadLocal$ThreadLocalMap.getEntry(Ljava/lang/ThreadLocal;)Ljava/lang/ThreadLocal$ThreadLocalMap$Entry; @ 29

Classes redefined (0 events):
No events

Internal exceptions (10 events):
Event: 2.188 Thread 0x000001569d91b800 Exception <a 'java/io/FileNotFoundException'> (0x00000000d6b7cc80) thrown at [J:\jenkins\tmp\workspace\build\src\hotspot\src\share\vm\prims\jni.cpp, line 711]
Event: 2.208 Thread 0x000001569d91b800 Exception <a 'java/io/FileNotFoundException'> (0x00000000d6c78b08) thrown at [J:\jenkins\tmp\workspace\build\src\hotspot\src\share\vm\prims\jni.cpp, line 711]
Event: 2.210 Thread 0x000001569d91b800 Exception <a 'java/io/FileNotFoundException'> (0x00000000d6c83ac8) thrown at [J:\jenkins\tmp\workspace\build\src\hotspot\src\share\vm\prims\jni.cpp, line 711]
Event: 2.218 Thread 0x000001569d91b800 Exception <a 'java/io/FileNotFoundException'> (0x00000000d6caf0d0) thrown at [J:\jenkins\tmp\workspace\build\src\hotspot\src\share\vm\prims\jni.cpp, line 711]
Event: 3.179 Thread 0x000001569d91b800 Exception <a 'java/security/PrivilegedActionException'> (0x00000000d5b9c4d8) thrown at [J:\jenkins\tmp\workspace\build\src\hotspot\src\share\vm\prims\jvm.cpp, line 1523]
Event: 3.179 Thread 0x000001569d91b800 Exception <a 'java/security/PrivilegedActionException'> (0x00000000d5b9da08) thrown at [J:\jenkins\tmp\workspace\build\src\hotspot\src\share\vm\prims\jvm.cpp, line 1523]
Event: 3.179 Thread 0x000001569d91b800 Exception <a 'java/security/PrivilegedActionException'> (0x00000000d5b9ee38) thrown at [J:\jenkins\tmp\workspace\build\src\hotspot\src\share\vm\prims\jvm.cpp, line 1523]
Event: 3.179 Thread 0x000001569d91b800 Exception <a 'java/security/PrivilegedActionException'> (0x00000000d5ba04f8) thrown at [J:\jenkins\tmp\workspace\build\src\hotspot\src\share\vm\prims\jvm.cpp, line 1523]
Event: 3.179 Thread 0x000001569d91b800 Exception <a 'java/security/PrivilegedActionException'> (0x00000000d5ba18f0) thrown at [J:\jenkins\tmp\workspace\build\src\hotspot\src\share\vm\prims\jvm.cpp, line 1523]
Event: 3.179 Thread 0x000001569d91b800 Exception <a 'java/security/PrivilegedActionException'> (0x00000000d5ba2cb8) thrown at [J:\jenkins\tmp\workspace\build\src\hotspot\src\share\vm\prims\jvm.cpp, line 1523]

Events (10 events):
Event: 3.200 loading class org/lwjgl/openal/ALCdevice
Event: 3.200 loading class org/lwjgl/openal/ALCdevice done
Event: 3.201 loading class org/lwjgl/openal/ALCcontext
Event: 3.201 loading class org/lwjgl/openal/ALCcontext done
Event: 3.201 loading class java/nio/DirectIntBufferU
Event: 3.201 loading class java/nio/DirectIntBufferU done
Event: 3.201 loading class org/lwjgl/openal/Util
Event: 3.201 loading class org/lwjgl/openal/Util done
Event: 3.202 loading class org/lwjgl/openal/OpenALException
Event: 3.202 loading class org/lwjgl/openal/OpenALException done


Dynamic libraries:
0x00007ff776f20000 - 0x00007ff776f5a000 	C:\Program Files\Eclipse Foundation\jdk-8.0.302.8-hotspot\bin\javaw.exe
0x00007ffd48890000 - 0x00007ffd48a85000 	C:\WINDOWS\SYSTEM32\ntdll.dll
0x00007ffd47bf0000 - 0x00007ffd47cae000 	C:\WINDOWS\System32\KERNEL32.DLL
0x00007ffd46610000 - 0x00007ffd468d9000 	C:\WINDOWS\System32\KERNELBASE.dll
0x00007ffd47cc0000 - 0x00007ffd47d6c000 	C:\WINDOWS\System32\ADVAPI32.dll
0x00007ffd47320000 - 0x00007ffd473be000 	C:\WINDOWS\System32\msvcrt.dll
0x00007ffd47280000 - 0x00007ffd4731b000 	C:\WINDOWS\System32\sechost.dll
0x00007ffd47ac0000 - 0x00007ffd47bea000 	C:\WINDOWS\System32\RPCRT4.dll
0x00007ffd47e30000 - 0x00007ffd47fd1000 	C:\WINDOWS\System32\USER32.dll
0x00007ffd46160000 - 0x00007ffd46182000 	C:\WINDOWS\System32\win32u.dll
0x00007ffd470a0000 - 0x00007ffd470cb000 	C:\WINDOWS\System32\GDI32.dll
0x00007ffd46190000 - 0x00007ffd4629b000 	C:\WINDOWS\System32\gdi32full.dll
0x00007ffd462f0000 - 0x00007ffd4638d000 	C:\WINDOWS\System32\msvcp_win.dll
0x00007ffd45fb0000 - 0x00007ffd460b0000 	C:\WINDOWS\System32\ucrtbase.dll
0x00007ffd35d60000 - 0x00007ffd35ffa000 	C:\WINDOWS\WinSxS\amd64_microsoft.windows.common-controls_6595b64144ccf1df_6.0.19041.1110_none_60b5254171f9507e\COMCTL32.dll
0x00007ffd473d0000 - 0x00007ffd47400000 	C:\WINDOWS\System32\IMM32.DLL
0x00007ffd32870000 - 0x00007ffd3295f000 	C:\Program Files\Eclipse Foundation\jdk-8.0.302.8-hotspot\jre\bin\msvcr120.dll
0x00007ffd21d40000 - 0x00007ffd21de6000 	C:\Program Files\Eclipse Foundation\jdk-8.0.302.8-hotspot\jre\bin\msvcp120.dll
0x0000000074190000 - 0x00000000749fb000 	C:\Program Files\Eclipse Foundation\jdk-8.0.302.8-hotspot\jre\bin\server\jvm.dll
0x00007ffd46b10000 - 0x00007ffd46b18000 	C:\WINDOWS\System32\PSAPI.DLL
0x00007ffd437d0000 - 0x00007ffd437d9000 	C:\WINDOWS\SYSTEM32\WSOCK32.dll
0x00007ffd3ec00000 - 0x00007ffd3ec27000 	C:\WINDOWS\SYSTEM32\WINMM.dll
0x00007ffd47420000 - 0x00007ffd4748b000 	C:\WINDOWS\System32\WS2_32.dll
0x00007ffd403a0000 - 0x00007ffd403aa000 	C:\WINDOWS\SYSTEM32\VERSION.dll
0x00007ffd43670000 - 0x00007ffd4367f000 	C:\Program Files\Eclipse Foundation\jdk-8.0.302.8-hotspot\jre\bin\verify.dll
0x00007ffd32a30000 - 0x00007ffd32a59000 	C:\Program Files\Eclipse Foundation\jdk-8.0.302.8-hotspot\jre\bin\java.dll
0x00007ffd339b0000 - 0x00007ffd339c6000 	C:\Program Files\Eclipse Foundation\jdk-8.0.302.8-hotspot\jre\bin\zip.dll
0x00007ffd48110000 - 0x00007ffd4884f000 	C:\WINDOWS\System32\SHELL32.dll
0x00007ffd440d0000 - 0x00007ffd44860000 	C:\WINDOWS\SYSTEM32\windows.storage.dll
0x00007ffd46c60000 - 0x00007ffd46fb5000 	C:\WINDOWS\System32\combase.dll
0x00007ffd45a00000 - 0x00007ffd45a2c000 	C:\WINDOWS\SYSTEM32\Wldp.dll
0x00007ffd46b20000 - 0x00007ffd46bce000 	C:\WINDOWS\System32\SHCORE.dll
0x00007ffd47490000 - 0x00007ffd474e5000 	C:\WINDOWS\System32\shlwapi.dll
0x00007ffd45ef0000 - 0x00007ffd45f0f000 	C:\WINDOWS\SYSTEM32\profapi.dll
0x0000000065580000 - 0x0000000065616000 	C:\Users\Franco\AppData\Local\Temp\libgdxFranco\12dfaa03\gdx64.dll
0x00007ffd45950000 - 0x00007ffd45968000 	C:\WINDOWS\SYSTEM32\CRYPTSP.dll
0x00007ffd45070000 - 0x00007ffd450a4000 	C:\WINDOWS\system32\rsaenh.dll
0x00007ffd46390000 - 0x00007ffd463b7000 	C:\WINDOWS\System32\bcrypt.dll
0x00007ffd45eb0000 - 0x00007ffd45ede000 	C:\WINDOWS\SYSTEM32\USERENV.dll
0x00007ffd46580000 - 0x00007ffd46603000 	C:\WINDOWS\System32\bcryptprimitives.dll
0x00007ffd45970000 - 0x00007ffd4597c000 	C:\WINDOWS\SYSTEM32\CRYPTBASE.dll
0x00007ffd32f40000 - 0x00007ffd32f5a000 	C:\Program Files\Eclipse Foundation\jdk-8.0.302.8-hotspot\jre\bin\net.dll
0x00007ffd45760000 - 0x00007ffd457ca000 	C:\WINDOWS\system32\mswsock.dll
0x00007ffd45400000 - 0x00007ffd4543b000 	C:\WINDOWS\SYSTEM32\IPHLPAPI.DLL
0x00007ffd47cb0000 - 0x00007ffd47cb8000 	C:\WINDOWS\System32\NSI.dll
0x00007ffd3f950000 - 0x00007ffd3f967000 	C:\WINDOWS\SYSTEM32\dhcpcsvc6.DLL
0x00007ffd3f880000 - 0x00007ffd3f89d000 	C:\WINDOWS\SYSTEM32\dhcpcsvc.DLL
0x00007ffd45440000 - 0x00007ffd4550c000 	C:\WINDOWS\SYSTEM32\DNSAPI.dll
0x00007ffd32820000 - 0x00007ffd32832000 	C:\Program Files\Eclipse Foundation\jdk-8.0.302.8-hotspot\jre\bin\nio.dll
0x0000000180000000 - 0x0000000180053000 	C:\Users\Franco\AppData\Local\Temp\libgdxFranco\dc0f0009\lwjgl64.dll
0x00007ffd212d0000 - 0x00007ffd213f5000 	C:\WINDOWS\SYSTEM32\OPENGL32.dll
0x00007ffd2fc80000 - 0x00007ffd2fcac000 	C:\WINDOWS\SYSTEM32\GLU32.dll
0x00000156b8380000 - 0x00000156b83e4000 	C:\Users\Franco\AppData\Local\Temp\libgdxFranco\dc0f0009\OpenAL64.dll
0x00007ffd47fe0000 - 0x00007ffd4810a000 	C:\WINDOWS\System32\ole32.dll
0x00007ffd43ed0000 - 0x00007ffd43ee2000 	C:\WINDOWS\SYSTEM32\kernel.appcore.dll
0x00007ffd43920000 - 0x00007ffd439be000 	C:\WINDOWS\system32\uxtheme.dll
0x00007ffd46940000 - 0x00007ffd469e9000 	C:\WINDOWS\System32\clbcatq.dll
0x00007ffcf8c60000 - 0x00007ffcf8cfc000 	C:\WINDOWS\SYSTEM32\dsound.dll
0x00007ffd45580000 - 0x00007ffd455cb000 	C:\WINDOWS\SYSTEM32\powrprof.dll
0x00007ffd36f70000 - 0x00007ffd36f96000 	C:\WINDOWS\SYSTEM32\winmmbase.dll
0x00007ffd453e0000 - 0x00007ffd453f2000 	C:\WINDOWS\SYSTEM32\UMPDC.dll
0x00007ffd3ce50000 - 0x00007ffd3ced5000 	C:\WINDOWS\System32\MMDevApi.dll
0x00007ffd45d60000 - 0x00007ffd45d94000 	C:\WINDOWS\System32\DEVOBJ.dll
0x00007ffd462a0000 - 0x00007ffd462ee000 	C:\WINDOWS\System32\cfgmgr32.dll
0x00007ffd3cee0000 - 0x00007ffd3d061000 	C:\WINDOWS\SYSTEM32\AUDIOSES.DLL
0x00007ffd47970000 - 0x00007ffd47a3d000 	C:\WINDOWS\System32\OLEAUT32.dll
0x00007ffd34850000 - 0x00007ffd34a34000 	C:\WINDOWS\SYSTEM32\dbghelp.dll

VM Arguments:
jvm_args: -Duser.language=es_ES -Dfile.encoding=UTF-8 
java_command: org.uqbar.project.wollok.launch.WollokLauncher -requestsPort 0 -eventsPort 0 -folder -dontValidate -coercingStrategy decimals -wf src/juego.wpgm -darkMode
java_class_path (initial): C:\Users\Franco\git\2021-o-tpi-juego-bilardismounapasion\bin;C:\Users\Franco\Desktop\TODO\Wollok\plugins\com.ibm.icu_64.2.0.v20190507-1337.jar;C:\Users\Franco\Desktop\TODO\Wollok\plugins\org.eclipse.xtext_2.20.0.v20191202-0915.jar;C:\Users\Franco\Desktop\TODO\Wollok\plugins\org.eclipse.emf.ecore.xmi_2.16.0.v20190528-0725.jar;C:\Users\Franco\Desktop\TODO\Wollok\plugins\org.eclipse.emf.ecore_2.20.0.v20190920-0401.jar;C:\Users\Franco\Desktop\TODO\Wollok\plugins\org.eclipse.emf.common_2.17.0.v20190920-0401.jar;C:\Users\Franco\Desktop\TODO\Wollok\plugins\org.antlr.runtime_3.2.0.v201101311130.jar;C:\Users\Franco\Desktop\TODO\Wollok\plugins\com.google.inject_3.0.0.v201605172100.jar;C:\Users\Franco\Desktop\TODO\Wollok\plugins\org.eclipse.emf.mwe.core_1.5.1.v20191121-1148.jar;C:\Users\Franco\Desktop\TODO\Wollok\plugins\org.apache.commons.cli_1.2.0.v201404270220.jar;C:\Users\Franco\Desktop\TODO\Wollok\plugins\org.eclipse.emf.mwe2.runtime_2.11.1.v20191121-1148.jar;C:\Users\Franco\Desktop\TODO\Wollok\plugins\org.eclipse.emf.mwe.utils_1.5.1.v20191121-1148.jar;C:\Users\Franco\Desktop\TODO\Wollok\plugins\org.eclipse.xtext.util_2.20.0.v20191202-0915.jar;C:\Users\Franco\Desktop\TODO\Wollok\plugins\com.google.guava_27.1.0.v20190517-1946.jar;C:\Users\Franco\Desktop\TODO\Wollok\plugins\javax.inject_1.0.0.v20091030.jar;C:\Users\Franco\Desktop\TODO\Wollok\plugins\org.eclipse.xtext.generator_2.20.0.v20191202-0933.jar;C:\Users\Franco\Desktop\TODO\Wollok\plugins\org.eclipse.xtext.xtext.generator_2.20.0.v20191202-0915.jar;C:\Users\Franco\Desktop\TODO\Wollok\plugins\org.eclipse.xtext.xbase.lib_2.20.0.v20191202-0907.jar;C:\Users\Franco\Desktop\TODO\Wollok\plugins\org.eclipse.emf.codegen.ecore_2.20.0.v20191012-0918.jar;C:\Users\Franco\Desktop\TODO\Wollok\plugins\org.eclipse.emf.codegen_2.19.0.v20190821-1536.jar;C:\Users\Franco\Desktop\TODO\Wollok\plugins\org.eclipse.xtend_2.2.0.v201605260315.jar;C:\Users\Franco\Desktop\TODO\Wollok\plugins\org.eclipse.xpand_2.2.0.v20
Launcher Type: SUN_STANDARD

Environment Variables:
PATH=C:/Program Files/Eclipse Foundation/jdk-8.0.302.8-hotspot/bin/../jre/bin/server;C:/Program Files/Eclipse Foundation/jdk-8.0.302.8-hotspot/bin/../jre/bin;C:/Program Files/Eclipse Foundation/jdk-8.0.302.8-hotspot/bin/../jre/lib/amd64;C:\Program Files\Eclipse Foundation\jdk-8.0.302.8-hotspot\bin;C:\Python38\Scripts\;C:\Python38\;C:\Program Files (x86)\Common Files\Oracle\Java\javapath;C:\Program Files (x86)\NVIDIA Corporation\PhysX\Common;C:\Program Files (x86)\Intel\Intel(R) Management Engine Components\iCLS\;C:\Program Files\Intel\Intel(R) Management Engine Components\iCLS\;C:\WINDOWS\system32;C:\WINDOWS;C:\WINDOWS\System32\Wbem;C:\WINDOWS\System32\WindowsPowerShell\v1.0\;C:\Program Files (x86)\Intel\Intel(R) Management Engine Components\DAL;C:\Program Files\Intel\Intel(R) Management Engine Components\DAL;C:\Program Files (x86)\Intel\Intel(R) Management Engine Components\IPT;C:\Program Files\Intel\Intel(R) Management Engine Components\IPT;C:\Program Files (x86)\Windows Live\Shared;C:\WINDOWS\System32\OpenSSH\;C:\Program Files\nodejs\;C:\ProgramData\chocolatey\bin;C:\Program Files\swipl\bin;C:\Program Files\Git\cmd;C:\Users\Franco\AppData\Roaming\local\bin;C:\Users\Franco\AppData\Local\Microsoft\WindowsApps;C:\Users\Franco\AppData\Roaming\npm;;C:\Users\Franco\Desktop\TODO\Wollok;
USERNAME=Franco
OS=Windows_NT
PROCESSOR_IDENTIFIER=Intel64 Family 6 Model 158 Stepping 10, GenuineIntel



---------------  S Y S T E M  ---------------

OS: Windows 10.0 , 64 bit Build 19041 (10.0.19041.1202)

CPU:total 4 (initial active 4) (2 cores per cpu, 2 threads per core) family 6 model 158 stepping 10, cmov, cx8, fxsr, mmx, sse, sse2, sse3, ssse3, sse4.1, sse4.2, popcnt, aes, clmul, erms, 3dnowpref, lzcnt, ht, tsc, tscinvbit

Memory: 4k page, physical 8324704k(2794028k free), swap 13847804k(1887916k free)

vm_info: OpenJDK 64-Bit Server VM (25.302-b08) for windows-amd64 JRE (1.8.0_302-b08), built on Jul 20 2021 21:31:03 by "jenkins" with MS VC++ 12.0 (VS2013)

time: Sat Oct 02 16:58:38 2021
timezone: Hora estándar de Argentina
elapsed time: 3.283965 seconds (0d 0h 0m 3s)

